<?xml version="1.0" encoding="UTF-8"?>
<!-- Generated by org.testng.reporters.JUnitReportReporter -->
<testsuite skipped="0" hostname="DESKTOP-NMD9NPL" name="com.sdet.Login_1" tests="1" failures="0" timestamp="2023-05-08T21:04:31 IST" time="35.096" errors="0">
  <testcase name="Login" time="35.096" classname="com.sdet.Login_1"/>
  <system-out/>
</testsuite> <!-- com.sdet.Login_1 -->
