<?xml version="1.0" encoding="UTF-8"?>
<!-- Generated by org.testng.reporters.JUnitReportReporter -->
<testsuite skipped="0" hostname="DESKTOP-NMD9NPL" name="com.sdet.Test1" tests="1" failures="0" timestamp="2023-05-08T21:04:31 IST" time="0.005" errors="0">
  <testcase name="CreateCustomer" time="0.005" classname="com.sdet.Test1"/>
  <system-out>
    <![CDATA[CreateCustomer]]>
  </system-out>
</testsuite> <!-- com.sdet.Test1 -->
